MPASM  5.51                       16F628A.ASM   4-15-2017  15:40:31         PAGE  1


LOC  OBJECT CODE     LINE SOURCE TEXT
  VALUE

                      00001 ;* * * * * * * * * * * * * * * * * * * * * * * * * * * * * * * * * *
                      00002 ;*                       "HELLOR WORLD EM ASSEMBLY"                *
                      00003 ;*                          ADRIEL SCHMITZ                         *
                      00004 ;*         UNIVERSIDADE FEDERAL DA FRONTEIRA SUL                   *
                      00005 ;*   VERSÃO: 1.0                           DATA:12/04/17           *
                      00006 ;* * * * * * * * * * * * * * * * * * * * * * * * * * * * * * * * * *
                      00007 ;*                     DESCRIÇÃO DO ARQUIVO                        *
                      00008 ;*-----------------------------------------------------------------*
                      00009 ;*   MODELO PARA PIC 16F628A                                       *
                      00010 ;*                                                                 *
                      00011 ;*                                                                 *
                      00012 ;* * * * * * * * * * * * * * * * * * * * * * * * * * * * * * * * * *
                      00013 
                      00014 ;* * * * * * * * * * * * * * * * * * * * * * * * * * * * * * * * * *
                      00015 ;*                     ARQUIVOS DE DEFINIÇÕES                      *
                      00016 ;* * * * * * * * * * * * * * * * * * * * * * * * * * * * * * * * * *
                      00017 #INCLUDE <P16F628A.INC> ;ARQUIVO PADRÃO MICROCHIP PARA 16F628A
                      00001         LIST
                      00002 
                      00003 ;==========================================================================
                      00004 ;  MPASM PIC16F628A processor include
                      00005 ; 
                      00006 ;  (c) Copyright 1999-2013 Microchip Technology, All rights reserved
                      00007 ;==========================================================================
                      00008 
                      00385         LIST
                      00018 
2007   3F61           00019         __CONFIG _BOREN_ON & _CP_OFF & _PWRTE_ON & _WDT_OFF & _LVP_OFF & _MCLRE_ON & _XT_OSC
                      00020 
                      00021 ;* * * * * * * * * * * * * * * * * * * * * * * * * * * * * * * * * *
                      00022 ;*                    PAGINAÇÃO DE MEMÓRIA                         *
                      00023 ;* * * * * * * * * * * * * * * * * * * * * * * * * * * * * * * * * *
                      00024 ;DEFINIÇÃO DE COMANDOS DE USUÁRIO PARA ALTERAÇÃO DA PÁGINA DE MEMÓRIA
                      00025 #DEFINE BANK0   BCF STATUS,RP0  ;SETA BANK 0 DE MEMÓRIA
                      00026 #DEFINE BANK1   BSF STATUS,RP0  ;SETA BANK 1 DE MAMÓRIA
                      00027 
                      00028 ;* * * * * * * * * * * * * * * * * * * * * * * * * * * * * * * * * *
                      00029 ;*                         VARIÁVEIS                               *
                      00030 ;* * * * * * * * * * * * * * * * * * * * * * * * * * * * * * * * * *
                      00031 ; DEFINIÇÃO DOS NOMES E ENDEREÇOS DE TODAS AS VARIÁVEIS UTILIZADAS 
                      00032 ; PELO SISTEMA
                      00033         CBLOCK  0x20    ;ENDEREÇO INICIAL DA MEMÓRIA DE
                      00034                                         ;USUÁRIO
  00000020            00035                 W_TEMP          ;REGISTRADORES TEMPORÁRIOS PARA USO
  00000021            00036                 STATUS_TEMP     ;JUNTO ÀS INTERRUPÇÕES
  00000022            00037                 AUX ;VARIAVEL USADA NO FOR
                      00038 
                      00039                 ;NOVAS VARIÁVEIS
                      00040 
                      00041         ENDC                    ;FIM DO BLOCO DE MEMÓRIA
                      00042 ;* * * * * * * * * * * * * * * * * * * * * * * * * * * * * * * * * *
                      00043 ;*                        FLAGS INTERNOS                           *
                      00044 ;* * * * * * * * * * * * * * * * * * * * * * * * * * * * * * * * * *
MPASM  5.51                       16F628A.ASM   4-15-2017  15:40:31         PAGE  2


LOC  OBJECT CODE     LINE SOURCE TEXT
  VALUE

                      00045 ; DEFINIÇÃO DE TODOS OS FLAGS UTILIZADOS PELO SISTEMA
                      00046 
                      00047 ;* * * * * * * * * * * * * * * * * * * * * * * * * * * * * * * * * *
                      00048 ;*                         CONSTANTES                              *
                      00049 ;* * * * * * * * * * * * * * * * * * * * * * * * * * * * * * * * * *
                      00050 ; DEFINIÇÃO DE TODAS AS CONSTANTES UTILIZADAS PELO SISTEMA
                      00051 
                      00052 ;* * * * * * * * * * * * * * * * * * * * * * * * * * * * * * * * * *
                      00053 ;*                           ENTRADAS                              *
                      00054 ;* * * * * * * * * * * * * * * * * * * * * * * * * * * * * * * * * *
                      00055 ; DEFINIÇÃO DE TODOS OS PINOS QUE SERÃO UTILIZADOS COMO ENTRADA
                      00056 ; RECOMENDAMOS TAMBÉM COMENTAR O SIGNIFICADO DE SEUS ESTADOS (0 E 1)
                      00057 
                      00058 #DEFINE BOTAO PORTA,1
                      00059 
                      00060 ;* * * * * * * * * * * * * * * * * * * * * * * * * * * * * * * * * *
                      00061 ;*                           SAÍDAS                                *
                      00062 ;* * * * * * * * * * * * * * * * * * * * * * * * * * * * * * * * * *
                      00063 ; DEFINIÇÃO DE TODOS OS PINOS QUE SERÃO UTILIZADOS COMO SAÍDA
                      00064 ; RECOMENDAMOS TAMBÉM COMENTAR O SIGNIFICADO DE SEUS ESTADOS (0 E 1)
                      00065 
                      00066 #DEFINE LED PORTB,5
                      00067 
                      00068 
                      00069 ;* * * * * * * * * * * * * * * * * * * * * * * * * * * * * * * * * *
                      00070 ;*                       VETOR DE RESET                            *
                      00071 ;* * * * * * * * * * * * * * * * * * * * * * * * * * * * * * * * * *
                      00072 
                      00073         ORG     0x00                    ;ENDEREÇO INICIAL DE PROCESSAMENTO
0000   2???           00074         GOTO    INICIO
                      00075         
                      00076 ;* * * * * * * * * * * * * * * * * * * * * * * * * * * * * * * * * *
                      00077 ;*                    INÍCIO DA INTERRUPÇÃO                        *
                      00078 ;* * * * * * * * * * * * * * * * * * * * * * * * * * * * * * * * * *
                      00079 ; ENDEREÇO DE DESVIO DAS INTERRUPÇÕES. A PRIMEIRA TAREFA É SALVAR OS
                      00080 ; VALORES DE "W" E "STATUS" PARA RECUPERAÇÃO FUTURA
                      00081 
                      00082         ORG     0x04                    ;ENDEREÇO INICIAL DA INTERRUPÇÃO
0004   00A0           00083         MOVWF   W_TEMP          ;COPIA W PARA W_TEMP
0005   0E03           00084         SWAPF   STATUS,W
0006   00A1           00085         MOVWF   STATUS_TEMP     ;COPIA STATUS PARA STATUS_TEMP
                      00086 
                      00087 ;* * * * * * * * * * * * * * * * * * * * * * * * * * * * * * * * * *
                      00088 ;*                    ROTINA DE INTERRUPÇÃO                        *
                      00089 ;* * * * * * * * * * * * * * * * * * * * * * * * * * * * * * * * * *
                      00090 ; AQUI SERÁ ESCRITA AS ROTINAS DE RECONHECIMENTO E TRATAMENTO DAS
                      00091 ; INTERRUPÇÕES
                      00092 
                      00093 ;* * * * * * * * * * * * * * * * * * * * * * * * * * * * * * * * * *
                      00094 ;*                 ROTINA DE SAÍDA DA INTERRUPÇÃO                  *
                      00095 ;* * * * * * * * * * * * * * * * * * * * * * * * * * * * * * * * * *
                      00096 ; OS VALORES DE "W" E "STATUS" DEVEM SER RECUPERADOS ANTES DE 
                      00097 ; RETORNAR DA INTERRUPÇÃO
MPASM  5.51                       16F628A.ASM   4-15-2017  15:40:31         PAGE  3


LOC  OBJECT CODE     LINE SOURCE TEXT
  VALUE

                      00098 
0007                  00099 SAI_INT
0007   0E21           00100         SWAPF   STATUS_TEMP,W
0008   0083           00101         MOVWF   STATUS          ;MOVE STATUS_TEMP PARA STATUS
0009   0EA0           00102         SWAPF   W_TEMP,F
000A   0E20           00103         SWAPF   W_TEMP,W        ;MOVE W_TEMP PARA W
000B   0009           00104         RETFIE
                      00105 
                      00106 ;* * * * * * * * * * * * * * * * * * * * * * * * * * * * * * * * * *
                      00107 ;*                       ROTINAS E SUBROTINAS                      *
                      00108 ;* * * * * * * * * * * * * * * * * * * * * * * * * * * * * * * * * *
                      00109 ; CADA ROTINA OU SUBROTINA DEVE POSSUIR A DESCRIÇÃO DE FUNCIONAMENTO
                      00110 ; E UM NOME COERENTE ÀS SUAS FUNÇÕES.
                      00111 
000C                  00112 FOR
Message[305]: Using default destination of 1 (file).
000C   0BA2           00113         DECFSZ AUX ; VERIFICA SE A VARIÁVEL ESTÁ ZERADA, CASO NAO DESCREMENTA UM DELA
                      00114                 ;MEU CÓDIGO VAI AQUI
000D   2???           00115         GOTO FOR ;CASO A VARIÁVEL NAO ESTEJA ZERADA, VAI PARA O FOR DE NOVO
000E   0008           00116         RETURN
                      00117         
                      00118 ;* * * * * * * * * * * * * * * * * * * * * * * * * * * * * * * * * *
                      00119 ;*                     INICIO DO PROGRAMA                          *
                      00120 ;* * * * * * * * * * * * * * * * * * * * * * * * * * * * * * * * * *
                      00121         
000F                  00122 INICIO
000F   1683           00123         BANK1                           ;ALTERA PARA O BANCO 1
0010   3002           00124         MOVLW   B'00000010'
Message[302]: Register in operand not in bank 0.  Ensure that bank bits are correct.
0011   0085           00125         MOVWF   TRISA           ;DEFINE ENTRADAS E SAÍDAS DO PORTA ---> BSF TRISA,1
0012   3000           00126         MOVLW   B'00000000'
Message[302]: Register in operand not in bank 0.  Ensure that bank bits are correct.
0013   0086           00127         MOVWF   TRISB           ;DEFINE ENTRADAS E SAÍDAS DO PORTB ---> BCF TRISB,5
0014   3084           00128         MOVLW   B'10000100'
Message[302]: Register in operand not in bank 0.  Ensure that bank bits are correct.
0015   0081           00129         MOVWF   OPTION_REG      ;DEFINE OPÇÕES DE OPERAÇÃO
0016   3000           00130         MOVLW   B'00000000'
0017   008B           00131         MOVWF   INTCON          ;DEFINE OPÇÕES DE INTERRUPÇÕES
0018   1283           00132         BANK0                           ;RETORNA PARA O BANCO
0019   3007           00133         MOVLW   B'00000111'
001A   009F           00134         MOVWF   CMCON           ;DEFINE O MODO DE OPERAÇÃO DO COMPARADOR ANALÓGICO
                      00135 
                      00136 ;* * * * * * * * * * * * * * * * * * * * * * * * * * * * * * * * * *
                      00137 ;*                     INICIALIZAÇÃO DAS VARIÁVEIS                 *
                      00138 ;* * * * * * * * * * * * * * * * * * * * * * * * * * * * * * * * * *
                      00139 
                      00140 ;* * * * * * * * * * * * * * * * * * * * * * * * * * * * * * * * * *
                      00141 ;*                     ROTINA PRINCIPAL                            *
                      00142 ;* * * * * * * * * * * * * * * * * * * * * * * * * * * * * * * * * *
Warning[203]: Found opcode in column 1. (MOVLW)
001B   300A           00143 MOVLW 0xA ; SEPARA O VALOR 10 EM HENXADECIMAL
Warning[203]: Found opcode in column 1. (MOVWF)
001C   00A2           00144 MOVWF AUX ;MOVE O VALOR A CIMA PARA A VARIÁVEL "AUX"
MPASM  5.51                       16F628A.ASM   4-15-2017  15:40:31         PAGE  4


LOC  OBJECT CODE     LINE SOURCE TEXT
  VALUE

Warning[203]: Found opcode in column 1. (CALL)
001D   2???           00145 CALL FOR ;CHAMA A ROTINA "FOR"
                      00146 ;* * * * * * * * * * * * * * * * * * * * * * * * * * * * * * * * * *
                      00147 
001E                  00148 MAIN
001E   1C85           00149         BTFSS BOTAO ; REGISTRADOR TESTE DO BIT
001F   2???           00150         GOTO BOTAO_LIB ;CASO O BOTÃO ESTEJA EM NÍVEL LÓGICO 1, NADA ACONTECE
0020   2???           00151         GOTO BOTAO_PRESS
                      00152                 
Warning[207]: Found label after column 1. (BOTAO_PRESS)
0021                  00153         BOTAO_PRESS
0021   1686           00154                 BSF LED ; LIGA O LEG
0022   2???           00155                 GOTO MAIN ; APÓS LIGAR, RETORNA PRA MAIN
                      00156 
Warning[207]: Found label after column 1. (BOTAO_LIB)
0023                  00157         BOTAO_LIB
0023   1286           00158                 BCF LED ; DESLIGA O LED
0024   2???           00159                 GOTO MAIN ; RETORNA PRA MAIN
                      00160 
                      00161 ;* * * * * * * * * * * * * * * * * * * * * * * * * * * * * * * * * *
                      00162 ;*                       FIM DO PROGRAMA                           *
                      00163 ;* * * * * * * * * * * * * * * * * * * * * * * * * * * * * * * * * *
                      00164 
Warning[205]: Found directive in column 1. (END)
3F61                  00165 END
MPASM  5.51                       16F628A.ASM   4-15-2017  15:40:31         PAGE  5


SYMBOL TABLE
  LABEL                             VALUE 

ADDEN                             00000003
ADEN                              00000003
AUX                               00000022
BANK0                             BCF STATUS,RP0
BANK1                             BSF STATUS,RP0
BOTAO                             PORTA,1
BOTAO_LIB                         00000023
BOTAO_PRESS                       00000021
BRGH                              00000002
C                                 00000000
C1INV                             00000004
C1OUT                             00000006
C2INV                             00000005
C2OUT                             00000007
CCP1CON                           00000017
CCP1IE                            00000002
CCP1IF                            00000002
CCP1M0                            00000000
CCP1M1                            00000001
CCP1M2                            00000002
CCP1M3                            00000003
CCP1X                             00000005
CCP1Y                             00000004
CCPR1                             00000015
CCPR1H                            00000016
CCPR1L                            00000015
CIS                               00000003
CM0                               00000000
CM1                               00000001
CM2                               00000002
CMCON                             0000001F
CMIE                              00000006
CMIF                              00000006
CREN                              00000004
CSRC                              00000007
DATA_CP_OFF                       00003FFF
DATA_CP_ON                        00003EFF
DC                                00000001
EEADR                             0000009B
EECON1                            0000009C
EECON2                            0000009D
EEDATA                            0000009A
EEIE                              00000007
EEIF                              00000007
F                                 00000001
FERR                              00000002
FOR                               0000000C
FSR                               00000004
GIE                               00000007
INDF                              00000000
INICIO                            0000000F
INTCON                            0000000B
INTE                              00000004
MPASM  5.51                       16F628A.ASM   4-15-2017  15:40:31         PAGE  6


SYMBOL TABLE
  LABEL                             VALUE 

INTEDG                            00000006
INTF                              00000001
IRP                               00000007
LED                               PORTB,5
MAIN                              0000001E
NOT_BO                            00000000
NOT_BOD                           00000000
NOT_BOR                           00000000
NOT_PD                            00000003
NOT_POR                           00000001
NOT_RBPU                          00000007
NOT_T1SYNC                        00000002
NOT_TO                            00000004
OERR                              00000001
OPTION_REG                        00000081
OSCF                              00000003
PCL                               00000002
PCLATH                            0000000A
PCON                              0000008E
PEIE                              00000006
PIE1                              0000008C
PIR1                              0000000C
PORTA                             00000005
PORTB                             00000006
PR2                               00000092
PS0                               00000000
PS1                               00000001
PS2                               00000002
PSA                               00000003
RA0                               00000000
RA1                               00000001
RA2                               00000002
RA3                               00000003
RA4                               00000004
RA5                               00000005
RA6                               00000006
RA7                               00000007
RB0                               00000000
RB1                               00000001
RB2                               00000002
RB3                               00000003
RB4                               00000004
RB5                               00000005
RB6                               00000006
RB7                               00000007
RBIE                              00000003
RBIF                              00000000
RCIE                              00000005
RCIF                              00000005
RCREG                             0000001A
RCSTA                             00000018
RD                                00000000
RP0                               00000005
MPASM  5.51                       16F628A.ASM   4-15-2017  15:40:31         PAGE  7


SYMBOL TABLE
  LABEL                             VALUE 

RP1                               00000006
RX9                               00000006
RX9D                              00000000
SAI_INT                           00000007
SPBRG                             00000099
SPEN                              00000007
SREN                              00000005
STATUS                            00000003
STATUS_TEMP                       00000021
SYNC                              00000004
T0CS                              00000005
T0IE                              00000005
T0IF                              00000002
T0SE                              00000004
T1CKPS0                           00000004
T1CKPS1                           00000005
T1CON                             00000010
T1OSCEN                           00000003
T2CKPS0                           00000000
T2CKPS1                           00000001
T2CON                             00000012
TMR0                              00000001
TMR0IE                            00000005
TMR0IF                            00000002
TMR1                              0000000E
TMR1CS                            00000001
TMR1H                             0000000F
TMR1IE                            00000000
TMR1IF                            00000000
TMR1L                             0000000E
TMR1ON                            00000000
TMR2                              00000011
TMR2IE                            00000001
TMR2IF                            00000001
TMR2ON                            00000002
TOUTPS0                           00000003
TOUTPS1                           00000004
TOUTPS2                           00000005
TOUTPS3                           00000006
TRISA                             00000085
TRISA0                            00000000
TRISA1                            00000001
TRISA2                            00000002
TRISA3                            00000003
TRISA4                            00000004
TRISA5                            00000005
TRISA6                            00000006
TRISA7                            00000007
TRISB                             00000086
TRISB0                            00000000
TRISB1                            00000001
TRISB2                            00000002
TRISB3                            00000003
MPASM  5.51                       16F628A.ASM   4-15-2017  15:40:31         PAGE  8


SYMBOL TABLE
  LABEL                             VALUE 

TRISB4                            00000004
TRISB5                            00000005
TRISB6                            00000006
TRISB7                            00000007
TRMT                              00000001
TX9                               00000006
TX9D                              00000000
TXEN                              00000005
TXIE                              00000004
TXIF                              00000004
TXREG                             00000019
TXSTA                             00000098
VR0                               00000000
VR1                               00000001
VR2                               00000002
VR3                               00000003
VRCON                             0000009F
VREN                              00000007
VROE                              00000006
VRR                               00000005
W                                 00000000
WR                                00000001
WREN                              00000002
WRERR                             00000003
W_TEMP                            00000020
Z                                 00000002
_BODEN_OFF                        00003FBF
_BODEN_ON                         00003FFF
_BOREN_OFF                        00003FBF
_BOREN_ON                         00003FFF
_CONFIG                           00002007
_CPD_OFF                          00003FFF
_CPD_ON                           00003EFF
_CP_OFF                           00003FFF
_CP_ON                            00001FFF
_DEVID1                           00002006
_ER_OSC_CLKOUT                    00003FFF
_ER_OSC_NOCLKOUT                  00003FFE
_EXTCLK_OSC                       00003FEF
_FOSC_ECIO                        00003FEF
_FOSC_EXTRCCLK                    00003FFF
_FOSC_EXTRCIO                     00003FFE
_FOSC_HS                          00003FEE
_FOSC_INTOSCCLK                   00003FFD
_FOSC_INTOSCIO                    00003FFC
_FOSC_LP                          00003FEC
_FOSC_XT                          00003FED
_HS_OSC                           00003FEE
_IDLOC0                           00002000
_IDLOC1                           00002001
_IDLOC2                           00002002
_IDLOC3                           00002003
_INTOSC_OSC_CLKOUT                00003FFD
MPASM  5.51                       16F628A.ASM   4-15-2017  15:40:31         PAGE  9


SYMBOL TABLE
  LABEL                             VALUE 

_INTOSC_OSC_NOCLKOUT              00003FFC
_INTRC_OSC_CLKOUT                 00003FFD
_INTRC_OSC_NOCLKOUT               00003FFC
_LP_OSC                           00003FEC
_LVP_OFF                          00003F7F
_LVP_ON                           00003FFF
_MCLRE_OFF                        00003FDF
_MCLRE_ON                         00003FFF
_PWRTE_OFF                        00003FFF
_PWRTE_ON                         00003FF7
_RC_OSC_CLKOUT                    00003FFF
_RC_OSC_NOCLKOUT                  00003FFE
_WDTE_OFF                         00003FFB
_WDTE_ON                          00003FFF
_WDT_OFF                          00003FFB
_WDT_ON                           00003FFF
_XT_OSC                           00003FED
__16F628A                         00000001
__DEBUG                           1

Errors   :     0
Warnings :     6 reported,     0 suppressed
Messages :     4 reported,     0 suppressed

